<?xml version="1.0" encoding="UTF-8"?>
<!-- Generated by org.testng.reporters.JUnitReportReporter -->
<testsuite hostname="LAPTOP-PBM6AVTN" failures="0" tests="2" name="test.AppTest" time="0.040" errors="0" timestamp="2023-06-25T11:50:01 IST" skipped="0">
  <testcase classname="test.AppTest" name="testlogin2" time="0.034"/>
  <testcase classname="test.AppTest" name="tsetlogin1" time="0.006"/>
</testsuite> <!-- test.AppTest -->
