<?xml version="1.0" encoding="UTF-8"?>
<!-- Generated by org.testng.reporters.JUnitReportReporter -->
<testsuite hostname="LAPTOP-PBM6AVTN" failures="0" tests="1" name="test.AppTest" time="0.023" errors="0" timestamp="2023-07-05T16:39:49 IST" skipped="0">
  <testcase classname="test.AppTest" name="testlogin1" time="0.023"/>
</testsuite> <!-- test.AppTest -->
