<?xml version="1.0" encoding="UTF-8"?>
<!-- Generated by org.testng.reporters.JUnitReportReporter -->
<testsuite hostname="LAPTOP-PBM6AVTN" failures="0" tests="2" name="test.AppTest" time="0.017" errors="0" timestamp="2023-07-05T16:40:39 IST" skipped="0">
  <testcase classname="test.AppTest" name="testlogin1" time="0.017"/>
  <testcase classname="test.AppTest" name="testlogin2" time="0.000"/>
</testsuite> <!-- test.AppTest -->
